0 info it worked if it ends with ok
1 verbose cli [ '/usr/local/bin/node', '/usr/local/bin/npm', 'run', 'commit' ]
2 info using npm@3.10.10
3 info using node@v6.9.4
4 verbose run-script [ 'precommit', 'commit', 'postcommit' ]
5 info lifecycle nowa-github-pages@1.0.0~precommit: nowa-github-pages@1.0.0
6 silly lifecycle nowa-github-pages@1.0.0~precommit: no script for precommit, continuing
7 info lifecycle nowa-github-pages@1.0.0~commit: nowa-github-pages@1.0.0
8 verbose lifecycle nowa-github-pages@1.0.0~commit: unsafe-perm in lifecycle true
9 verbose lifecycle nowa-github-pages@1.0.0~commit: PATH: /usr/local/lib/node_modules/npm/bin/node-gyp-bin:/Users/Poling/Documents/Project/Mine/ali/nowa-webpack.github.io/node_modules/.bin:/Users/Poling/.nowa-gui/installation/node_modules/.npminstall/._npm@4.5.0@npm/bin/node-gyp-bin:/Users/Poling/Documents/Project/Mine/ali/nowa-webpack.github.io/node_modules/.bin:/usr/local/lib/node_modules/electron/dist/Electron.app/Contents/Frameworks/Electron Helper.app/Contents/MacOS:/Users/Poling/Documents/Project/Mine/ali/nowa-gui-git/node_modules/.bin:/Users/Poling/Documents/Project/Mine/ali/node_modules/.bin:/Users/Poling/Documents/Project/Mine/node_modules/.bin:/Users/Poling/Documents/Project/node_modules/.bin:/Users/Poling/Documents/node_modules/.bin:/Users/Poling/node_modules/.bin:/Users/node_modules/.bin:/node_modules/.bin:/usr/local/lib/node_modules/electron/dist/Electron.app/Contents/MacOS:/Library/Java/JavaVirtualMachines/jdk1.8.0_111.jdk/Contents/Home/bin:/Users/Poling/Documents/Software/apache-maven-3.3.9/bin/:/usr/local/bin:/usr/bin:/bin:/usr/sbin:/sbin:/Users/Poling/Documents/Project/Mine/ali/nowa-gui-git/node_modules/.bin:/Users/Poling/Documents/Project/Mine/ali/node_modules/.bin:/Users/Poling/Documents/Project/Mine/node_modules/.bin:/Users/Poling/Documents/Project/node_modules/.bin:/Users/Poling/Documents/node_modules/.bin:/Users/Poling/node_modules/.bin:/Users/node_modules/.bin:/node_modules/.bin:/usr/local/lib/node_modules/electron/dist/Electron.app/Contents/MacOS:/usr/local/lib/node_modules/npm/bin/node-gyp-bin:/Library/Java/JavaVirtualMachines/jdk1.8.0_111.jdk/Contents/Home/bin:/Users/Poling/Documents/Software/apache-maven-3.3.9/bin/:/Users/Poling/Documents/Software/mongodb/bin:/Users/Poling/Documents/Software/mongodb/bin:/Users/Poling/.nowa-gui/installation/node_modules/.bin:/Users/Poling/Documents/Project/Mine/ali/nowa-gui-git/app/nodes
10 verbose lifecycle nowa-github-pages@1.0.0~commit: CWD: /Users/Poling/Documents/Project/Mine/ali/nowa-webpack.github.io
11 silly lifecycle nowa-github-pages@1.0.0~commit: Args: [ '-c',
11 silly lifecycle   'git add . --all && git commit -m update && git push origin master' ]
12 silly lifecycle nowa-github-pages@1.0.0~commit: Returned: code: 1  signal: null
13 info lifecycle nowa-github-pages@1.0.0~commit: Failed to exec commit script
14 verbose stack Error: nowa-github-pages@1.0.0 commit: `git add . --all && git commit -m update && git push origin master`
14 verbose stack Exit status 1
14 verbose stack     at EventEmitter.<anonymous> (/usr/local/lib/node_modules/npm/lib/utils/lifecycle.js:255:16)
14 verbose stack     at emitTwo (events.js:106:13)
14 verbose stack     at EventEmitter.emit (events.js:191:7)
14 verbose stack     at ChildProcess.<anonymous> (/usr/local/lib/node_modules/npm/lib/utils/spawn.js:40:14)
14 verbose stack     at emitTwo (events.js:106:13)
14 verbose stack     at ChildProcess.emit (events.js:191:7)
14 verbose stack     at maybeClose (internal/child_process.js:877:16)
14 verbose stack     at Process.ChildProcess._handle.onexit (internal/child_process.js:226:5)
15 verbose pkgid nowa-github-pages@1.0.0
16 verbose cwd /Users/Poling/Documents/Project/Mine/ali/nowa-webpack.github.io
17 error Darwin 14.5.0
18 error argv "/usr/local/bin/node" "/usr/local/bin/npm" "run" "commit"
19 error node v6.9.4
20 error npm  v3.10.10
21 error code ELIFECYCLE
22 error nowa-github-pages@1.0.0 commit: `git add . --all && git commit -m update && git push origin master`
22 error Exit status 1
23 error Failed at the nowa-github-pages@1.0.0 commit script 'git add . --all && git commit -m update && git push origin master'.
23 error Make sure you have the latest version of node.js and npm installed.
23 error If you do, this is most likely a problem with the nowa-github-pages package,
23 error not with npm itself.
23 error Tell the author that this fails on your system:
23 error     git add . --all && git commit -m update && git push origin master
23 error You can get information on how to open an issue for this project with:
23 error     npm bugs nowa-github-pages
23 error Or if that isn't available, you can get their info via:
23 error     npm owner ls nowa-github-pages
23 error There is likely additional logging output above.
24 verbose exit [ 1, true ]
